<?xml version="1.0" encoding="UTF-8"?>
<testng-results ignored="9" total="10" passed="1" failed="0" skipped="0">
  <reporter-output>
  </reporter-output>
  <suite started-at="2023-01-22T15:19:25 IST" name="Default suite" finished-at="2023-01-22T15:19:37 IST" duration-ms="12227">
    <groups>
    </groups>
    <test started-at="2023-01-22T15:19:25 IST" name="Default test" finished-at="2023-01-22T15:19:37 IST" duration-ms="12227">
      <class name="jioapps">
        <test-method is-config="true" signature="comman()[pri:0, instance:jioapps@28f2a10f]" started-at="2023-01-22T15:19:25 IST" name="comman" finished-at="2023-01-22T15:19:30 IST" duration-ms="5174" status="PASS">
          <reporter-output>
          </reporter-output>
        </test-method> <!-- comman -->
        <test-method signature="jiotvlearnmore()[pri:10, instance:jioapps@28f2a10f]" started-at="2023-01-22T15:19:30 IST" name="jiotvlearnmore" finished-at="2023-01-22T15:19:37 IST" duration-ms="6629" status="PASS">
          <reporter-output>
          </reporter-output>
        </test-method> <!-- jiotvlearnmore -->
        <test-method is-config="true" signature="close()[pri:0, instance:jioapps@28f2a10f]" started-at="2023-01-22T15:19:37 IST" name="close" finished-at="2023-01-22T15:19:37 IST" duration-ms="391" status="PASS">
          <reporter-output>
          </reporter-output>
        </test-method> <!-- close -->
      </class> <!-- jioapps -->
    </test> <!-- Default test -->
  </suite> <!-- Default suite -->
</testng-results>
