<?xml version="1.0" encoding="UTF-8"?>
<!-- Generated by org.testng.reporters.JUnitXMLReporter -->
<testsuite ignored="9" hostname="DESKTOP-O6A2DBM" failures="0" tests="1" name="Default test" time="12.227" errors="0" timestamp="2023-01-22T15:19:37 IST">
  <testcase classname="jioapps" name="jiotvlearnmore" time="6.629"/>
  <testcase classname="jioapps" name="urltest" time="0.0">
    <ignored/>
  </testcase> <!-- urltest -->
  <testcase classname="jioapps" name="ongoogleplay" time="0.0">
    <ignored/>
  </testcase> <!-- ongoogleplay -->
  <testcase classname="jioapps" name="myjio" time="0.0">
    <ignored/>
  </testcase> <!-- myjio -->
  <testcase classname="jioapps" name="jiosaavncheckitout" time="0.0">
    <ignored/>
  </testcase> <!-- jiosaavncheckitout -->
  <testcase classname="jioapps" name="apps" time="0.0">
    <ignored/>
  </testcase> <!-- apps -->
  <testcase classname="jioapps" name="myjiogetnow" time="0.0">
    <ignored/>
  </testcase> <!-- myjiogetnow -->
  <testcase classname="jioapps" name="jiosaavngetnow" time="0.0">
    <ignored/>
  </testcase> <!-- jiosaavngetnow -->
  <testcase classname="jioapps" name="jiotvgetnow" time="0.0">
    <ignored/>
  </testcase> <!-- jiotvgetnow -->
  <testcase classname="jioapps" name="knowmore" time="0.0">
    <ignored/>
  </testcase> <!-- knowmore -->
</testsuite> <!-- Default test -->
